<?xml version="1.0" encoding="UTF-8"?>
<!-- Generated by org.testng.reporters.JUnitXMLReporter -->
<testsuite hostname="Stevens-MacBook-Pro.local" ignored="0" name="Default test" tests="3" failures="0" timestamp="15 Sep 2019 19:36:52 GMT" time="0.054" errors="0">
  <testcase name="check_Georgia_is_only_state_with_min_Loan_amount_3005" time="0.007" classname="com.upgrade.api.ApiTest"/>
  <testcase name="check_Number_Of_states" time="0.033" classname="com.upgrade.api.ApiTest"/>
  <testcase name="check_One_State_Has_min_Age_19" time="0.001" classname="com.upgrade.api.ApiTest"/>
</testsuite> <!-- Default test -->
