<?xml version="1.0" encoding="UTF-8" ?>
<testsuite tests="10" failures="1" name="TestSuite" time="29.016" errors="0" skipped="6">
  <properties>
[...]
</properties>
  <testcase classname="com.upgrade.api.ApiTest" name="check_Georgia_is_only_state_with_min_Loan_amount_3005" time="0.009"/>
  <testcase classname="com.upgrade.api.ApiTest" name="check_Number_Of_states" time="0.023"/>
  <testcase classname="com.upgrade.api.ApiTest" name="check_One_State_Has_min_Age_19" time="0.001"/>
  <testcase classname="com.upgrade.seleniumtests.PortalsTest" name="setUp" time="28.982">
    <failure message="no such window: window was already closed
  (Session info: chrome=76.0.3809.132)
Build info: version: &apos;4.0.0-alpha-2&apos;, revision: &apos;f148142cf8&apos;, time: &apos;2019-07-01T20:55:26&apos;
System info: host: &apos;Stevens-MacBook-Pro.local&apos;, ip: &apos;2601:641:300:92c:0:0:0:c1bd%en0&apos;, os.name: &apos;Mac OS X&apos;, os.arch: &apos;x86_64&apos;, os.version: &apos;10.14.6&apos;, java.version: &apos;1.8.0_181&apos;
Driver info: org.openqa.selenium.chrome.ChromeDriver
Capabilities {acceptInsecureCerts: false, browserName: chrome, browserVersion: 76.0.3809.132, chrome: {chromedriverVersion: 76.0.3809.126 (d80a294506b4..., userDataDir: /var/folders/xn/g9c1tkms3jd...}, goog:chromeOptions: {debuggerAddress: localhost:49299}, javascriptEnabled: true, networkConnectionEnabled: false, pageLoadStrategy: normal, platform: MAC, platformName: MAC, proxy: Proxy(), setWindowRect: true, strictFileInteractability: false, timeouts: {implicit: 0, pageLoad: 300000, script: 30000}, unhandledPromptBehavior: dismiss and notify}
Session ID: d7986038f6ba8289c2abc82c92b45bd5" type="org.openqa.selenium.NoSuchWindowException">org.openqa.selenium.NoSuchWindowException: no such window: window was already closed
  (Session info: chrome=76.0.3809.132)
Build info: version: &apos;4.0.0-alpha-2&apos;, revision: &apos;f148142cf8&apos;, time: &apos;2019-07-01T20:55:26&apos;
System info: host: &apos;Stevens-MacBook-Pro.local&apos;, ip: &apos;2601:641:300:92c:0:0:0:c1bd%en0&apos;, os.name: &apos;Mac OS X&apos;, os.arch: &apos;x86_64&apos;, os.version: &apos;10.14.6&apos;, java.version: &apos;1.8.0_181&apos;
Driver info: org.openqa.selenium.chrome.ChromeDriver
Capabilities {acceptInsecureCerts: false, browserName: chrome, browserVersion: 76.0.3809.132, chrome: {chromedriverVersion: 76.0.3809.126 (d80a294506b4..., userDataDir: /var/folders/xn/g9c1tkms3jd...}, goog:chromeOptions: {debuggerAddress: localhost:49299}, javascriptEnabled: true, networkConnectionEnabled: false, pageLoadStrategy: normal, platform: MAC, platformName: MAC, proxy: Proxy(), setWindowRect: true, strictFileInteractability: false, timeouts: {implicit: 0, pageLoad: 300000, script: 30000}, unhandledPromptBehavior: dismiss and notify}
Session ID: d7986038f6ba8289c2abc82c92b45bd5
	at sun.reflect.NativeConstructorAccessorImpl.newInstance0(Native Method)
	at sun.reflect.NativeConstructorAccessorImpl.newInstance(NativeConstructorAccessorImpl.java:62)
	at sun.reflect.DelegatingConstructorAccessorImpl.newInstance(DelegatingConstructorAccessorImpl.java:45)
	at java.lang.reflect.Constructor.newInstance(Constructor.java:423)
	at org.openqa.selenium.remote.codec.w3c.W3CHttpResponseCodec.createException(W3CHttpResponseCodec.java:191)
	at org.openqa.selenium.remote.codec.w3c.W3CHttpResponseCodec.decode(W3CHttpResponseCodec.java:125)
	at org.openqa.selenium.remote.codec.w3c.W3CHttpResponseCodec.decode(W3CHttpResponseCodec.java:52)
	at org.openqa.selenium.remote.HttpCommandExecutor.execute(HttpCommandExecutor.java:161)
	at org.openqa.selenium.remote.service.DriverCommandExecutor.execute(DriverCommandExecutor.java:83)
	at org.openqa.selenium.remote.RemoteWebDriver.execute(RemoteWebDriver.java:576)
	at org.openqa.selenium.remote.RemoteWebDriver.execute(RemoteWebDriver.java:633)
	at org.openqa.selenium.remote.RemoteWebDriver.execute(RemoteWebDriver.java:637)
	at org.openqa.selenium.remote.RemoteWebDriver$RemoteWebDriverOptions$RemoteWindow.maximize(RemoteWebDriver.java:884)
	at com.upgrade.SeleniumHelperClass.TestBase.getUrl(TestBase.java:24)
	at com.upgrade.seleniumtests.PortalsTest.setUp(PortalsTest.java:29)
</failure>
    <system-err>Starting ChromeDriver 76.0.3809.126 (d80a294506b4c9d18015e755cee48f953ddc3f2f-refs/branch-heads/3809@{#1024}) on port 24973
Only local connections are allowed.
Please protect ports used by ChromeDriver and related test frameworks to prevent access by malicious code.
Sep 16, 2019 4:19:09 PM org.openqa.selenium.remote.ProtocolHandshake createSession
INFO: Detected dialect: W3C
</system-err>
  </testcase>
  <testcase classname="com.upgrade.seleniumtests.PortalsTest" name="select_list" time="0">
    <skipped/>
  </testcase>
  <testcase classname="com.upgrade.seleniumtests.PortalsTest" name="check_Loan_Amount_are_Equal" time="0.001">
    <skipped/>
  </testcase>
  <testcase classname="com.upgrade.seleniumtests.PortalsTest" name="check_Monthly_Payment_Is_Equal" time="0">
    <skipped/>
  </testcase>
  <testcase classname="com.upgrade.seleniumtests.PortalsTest" name="check_Month_Termt_Is_Equal" time="0">
    <skipped/>
  </testcase>
  <testcase classname="com.upgrade.seleniumtests.PortalsTest" name="check_InterestRate_Is_Equal" time="0">
    <skipped/>
  </testcase>
  <testcase classname="com.upgrade.seleniumtests.PortalsTest" name="check_APR_Is_Equal" time="0">
    <skipped/>
  </testcase>
</testsuite>